TN:gcov_test
SF:/Users/Misha/Desktop/School 21/repositories/C5_s21_decimal-6/src/add_test.c
FN:100,112,s21_add_7_fn
FN:115,135,s21_add_8_fn
FN:138,153,s21_add_9_fn
FN:156,172,s21_add_14_fn
FN:175,191,s21_add_10_fn
FN:194,216,s21_add_11_fn
FN:21,37,s21_add_2_fn
FN:219,231,s21_add_12_fn
FN:234,260,s21_add_13_fn
FN:263,273,test_add_1_fn
FN:276,287,test_add_2_fn
FN:290,300,test_add_3_fn
FN:303,309,test_add_4_fn
FN:312,318,test_add_5_fn
FN:321,331,test_add_6_fn
FN:334,344,test_add_7_fn
FN:347,357,test_add_8_fn
FN:360,370,test_add_9_fn
FN:373,402,dec_add_suite
FN:39,52,s21_add_3_fn
FN:55,67,s21_add_4_fn
FN:6,18,s21_add_1_fn
FN:70,82,s21_add_5_fn
FN:85,97,s21_add_6_fn
FNDA:1,s21_add_7_fn
FNDA:1,s21_add_8_fn
FNDA:1,s21_add_9_fn
FNDA:1,s21_add_14_fn
FNDA:1,s21_add_10_fn
FNDA:1,s21_add_11_fn
FNDA:1,s21_add_2_fn
FNDA:1,s21_add_12_fn
FNDA:1,s21_add_13_fn
FNDA:1,test_add_1_fn
FNDA:1,test_add_2_fn
FNDA:1,test_add_3_fn
FNDA:1,test_add_4_fn
FNDA:1,test_add_5_fn
FNDA:1,test_add_6_fn
FNDA:1,test_add_7_fn
FNDA:1,test_add_8_fn
FNDA:1,test_add_9_fn
FNDA:1,dec_add_suite
FNDA:1,s21_add_3_fn
FNDA:1,s21_add_4_fn
FNDA:1,s21_add_1_fn
FNDA:1,s21_add_5_fn
FNDA:1,s21_add_6_fn
FNF:24
FNH:24
DA:6,1
DA:8,1
DA:9,1
DA:11,1
DA:12,1
DA:13,1
DA:14,1
DA:15,1
DA:16,1
DA:18,1
DA:21,1
DA:23,1
DA:24,1
DA:26,1
DA:27,1
DA:28,1
DA:29,1
DA:30,1
DA:31,1
DA:33,1
DA:34,1
DA:35,1
DA:37,1
DA:39,1
DA:40,1
DA:41,1
DA:42,1
DA:44,1
DA:45,1
DA:46,1
DA:47,1
DA:48,1
DA:49,1
DA:50,1
DA:51,1
DA:52,1
DA:55,1
DA:56,1
DA:57,1
DA:58,1
DA:60,1
DA:61,1
DA:62,1
DA:63,1
DA:64,1
DA:65,1
DA:66,1
DA:67,1
DA:70,1
DA:71,1
DA:72,1
DA:73,1
DA:75,1
DA:76,1
DA:77,1
DA:78,1
DA:79,1
DA:80,1
DA:81,1
DA:82,1
DA:85,1
DA:87,1
DA:88,1
DA:89,1
DA:90,1
DA:91,1
DA:92,1
DA:93,1
DA:94,1
DA:95,1
DA:96,1
DA:97,1
DA:100,1
DA:102,1
DA:103,1
DA:104,1
DA:105,1
DA:106,1
DA:107,1
DA:108,1
DA:109,1
DA:110,1
DA:111,1
DA:112,1
DA:115,1
DA:116,1
DA:117,1
DA:118,1
DA:119,1
DA:120,1
DA:121,1
DA:123,1
DA:124,1
DA:125,1
DA:126,1
DA:127,1
DA:128,1
DA:129,1
DA:131,1
DA:133,1
DA:134,1
DA:135,1
DA:138,1
DA:139,1
DA:140,1
DA:141,1
DA:142,1
DA:143,1
DA:144,1
DA:146,1
DA:147,1
DA:148,1
DA:150,1
DA:152,1
DA:153,1
DA:156,1
DA:157,1
DA:158,1
DA:159,1
DA:160,1
DA:161,1
DA:162,1
DA:164,1
DA:165,1
DA:166,1
DA:167,1
DA:168,1
DA:169,1
DA:171,1
DA:172,1
DA:175,1
DA:176,1
DA:177,1
DA:178,1
DA:179,1
DA:180,1
DA:181,1
DA:182,1
DA:183,1
DA:184,1
DA:185,1
DA:186,1
DA:187,1
DA:188,1
DA:189,1
DA:190,1
DA:191,1
DA:194,1
DA:195,1
DA:196,1
DA:197,1
DA:199,1
DA:200,1
DA:201,1
DA:203,1
DA:205,1
DA:206,1
DA:208,1
DA:209,1
DA:210,1
DA:211,1
DA:212,1
DA:213,1
DA:214,1
DA:215,1
DA:216,1
DA:219,1
DA:221,1
DA:222,1
DA:223,1
DA:224,1
DA:225,1
DA:226,1
DA:227,1
DA:228,1
DA:229,1
DA:230,1
DA:231,1
DA:234,1
DA:235,1
DA:236,1
DA:239,1
DA:240,1
DA:241,1
DA:248,1
DA:249,1
DA:256,1
DA:258,1
DA:259,1
DA:260,1
DA:263,1
DA:264,1
DA:265,1
DA:266,1
DA:267,1
DA:268,1
DA:269,1
DA:270,1
DA:271,1
DA:272,1
DA:273,1
DA:276,1
DA:277,1
DA:278,1
DA:279,1
DA:280,1
DA:282,1
DA:283,1
DA:284,1
DA:285,1
DA:286,1
DA:287,1
DA:290,1
DA:291,1
DA:292,1
DA:293,1
DA:294,1
DA:295,1
DA:296,1
DA:297,1
DA:298,1
DA:299,1
DA:300,1
DA:303,1
DA:304,1
DA:305,1
DA:306,1
DA:307,1
DA:308,1
DA:309,1
DA:312,1
DA:313,1
DA:314,1
DA:315,1
DA:316,1
DA:317,1
DA:318,1
DA:321,1
DA:322,1
DA:323,1
DA:324,1
DA:325,1
DA:326,1
DA:327,1
DA:328,1
DA:329,1
DA:330,1
DA:331,1
DA:334,1
DA:335,1
DA:336,1
DA:337,1
DA:338,1
DA:339,1
DA:340,1
DA:341,1
DA:342,1
DA:343,1
DA:344,1
DA:347,1
DA:348,1
DA:349,1
DA:350,1
DA:351,1
DA:352,1
DA:353,1
DA:354,1
DA:355,1
DA:356,1
DA:357,1
DA:360,1
DA:361,1
DA:362,1
DA:363,1
DA:364,1
DA:365,1
DA:366,1
DA:367,1
DA:368,1
DA:369,1
DA:370,1
DA:373,1
DA:376,1
DA:377,1
DA:378,1
DA:379,1
DA:380,1
DA:381,1
DA:382,1
DA:383,1
DA:384,1
DA:385,1
DA:386,1
DA:387,1
DA:388,1
DA:389,1
DA:390,1
DA:391,1
DA:392,1
DA:393,1
DA:394,1
DA:395,1
DA:396,1
DA:397,1
DA:398,1
DA:399,1
DA:400,1
DA:401,1
DA:402,1
LF:309
LH:309
end_of_record
TN:gcov_test
SF:/Users/Misha/Desktop/School 21/repositories/C5_s21_decimal-6/src/comp_test.c
FN:103,108,s21_less_1_fn
FN:111,116,s21_less_2_fn
FN:119,125,s21_less_3_fn
FN:128,134,s21_less_4_fn
FN:137,143,s21_less_5_fn
FN:146,153,s21_less_6_fn
FN:15,20,s21_equal_2_fn
FN:156,161,s21_greater_1_fn
FN:164,169,s21_greater_2_fn
FN:172,178,s21_greater_3_fn
FN:181,187,s21_greater_4_fn
FN:190,196,s21_greater_5_fn
FN:199,206,s21_greater_6_fn
FN:209,214,s21_greater_or_equal_1_fn
FN:217,222,s21_greater_or_equal_2_fn
FN:225,231,s21_greater_or_equal_3_fn
FN:23,29,s21_equal_3_fn
FN:234,240,s21_greater_or_equal_4_fn
FN:243,249,s21_greater_or_equal_5_fn
FN:252,259,s21_greater_or_equal_6_fn
FN:262,267,test_is_equal_1_fn
FN:270,275,test_is_equal_5_fn
FN:278,283,test_is_equal_6_fn
FN:286,291,test_is_equal_10_fn
FN:294,299,test_is_greater_or_equal_1_fn
FN:302,307,test_is_greater_or_equal_2_fn
FN:310,315,test_is_greater_or_equal_3_fn
FN:318,323,test_is_greater_1_fn
FN:32,38,s21_equal_4_fn
FN:326,331,test_is_greater_2_fn
FN:334,339,test_is_greater_3_fn
FN:342,347,test_is_less_or_equal_1_fn
FN:350,355,test_is_less_or_equal_2_fn
FN:358,363,test_is_less_or_equal_3_fn
FN:366,371,test_is_less_1_fn
FN:374,379,test_is_less_2_fn
FN:382,387,test_is_less_3_fn
FN:390,395,test_is_not_equal_1_fn
FN:398,403,test_is_not_equal_5_fn
FN:406,468,dec_comp_suite
FN:41,47,s21_equal_5_fn
FN:50,55,s21_less_or_equal_1_fn
FN:58,63,s21_less_or_equal_2_fn
FN:66,72,s21_less_or_equal_3_fn
FN:7,12,s21_equal_1_fn
FN:75,81,s21_less_or_equal_4_fn
FN:84,90,s21_less_or_equal_5_fn
FN:93,100,s21_less_or_equal_6_fn
FNDA:1,s21_less_1_fn
FNDA:1,s21_less_2_fn
FNDA:1,s21_less_3_fn
FNDA:1,s21_less_4_fn
FNDA:1,s21_less_5_fn
FNDA:1,s21_less_6_fn
FNDA:1,s21_equal_2_fn
FNDA:1,s21_greater_1_fn
FNDA:1,s21_greater_2_fn
FNDA:1,s21_greater_3_fn
FNDA:1,s21_greater_4_fn
FNDA:1,s21_greater_5_fn
FNDA:1,s21_greater_6_fn
FNDA:1,s21_greater_or_equal_1_fn
FNDA:1,s21_greater_or_equal_2_fn
FNDA:1,s21_greater_or_equal_3_fn
FNDA:1,s21_equal_3_fn
FNDA:1,s21_greater_or_equal_4_fn
FNDA:1,s21_greater_or_equal_5_fn
FNDA:1,s21_greater_or_equal_6_fn
FNDA:2,test_is_equal_1_fn
FNDA:2,test_is_equal_5_fn
FNDA:2,test_is_equal_6_fn
FNDA:3,test_is_equal_10_fn
FNDA:2,test_is_greater_or_equal_1_fn
FNDA:2,test_is_greater_or_equal_2_fn
FNDA:2,test_is_greater_or_equal_3_fn
FNDA:1,test_is_greater_1_fn
FNDA:1,s21_equal_4_fn
FNDA:1,test_is_greater_2_fn
FNDA:1,test_is_greater_3_fn
FNDA:1,test_is_less_or_equal_1_fn
FNDA:1,test_is_less_or_equal_2_fn
FNDA:1,test_is_less_or_equal_3_fn
FNDA:1,test_is_less_1_fn
FNDA:1,test_is_less_2_fn
FNDA:1,test_is_less_3_fn
FNDA:1,test_is_not_equal_1_fn
FNDA:1,test_is_not_equal_5_fn
FNDA:1,dec_comp_suite
FNDA:1,s21_equal_5_fn
FNDA:1,s21_less_or_equal_1_fn
FNDA:1,s21_less_or_equal_2_fn
FNDA:1,s21_less_or_equal_3_fn
FNDA:1,s21_equal_1_fn
FNDA:1,s21_less_or_equal_4_fn
FNDA:1,s21_less_or_equal_5_fn
FNDA:1,s21_less_or_equal_6_fn
FNF:48
FNH:48
DA:7,1
DA:8,1
DA:9,1
DA:10,1
DA:11,1
DA:12,1
DA:15,1
DA:16,1
DA:17,1
DA:18,1
DA:19,1
DA:20,1
DA:23,1
DA:24,1
DA:25,1
DA:26,1
DA:27,1
DA:28,1
DA:29,1
DA:32,1
DA:33,1
DA:34,1
DA:35,1
DA:36,1
DA:37,1
DA:38,1
DA:41,1
DA:42,1
DA:43,1
DA:44,1
DA:45,1
DA:46,1
DA:47,1
DA:50,1
DA:51,1
DA:52,1
DA:53,1
DA:54,1
DA:55,1
DA:58,1
DA:59,1
DA:60,1
DA:61,1
DA:62,1
DA:63,1
DA:66,1
DA:67,1
DA:68,1
DA:69,1
DA:70,1
DA:71,1
DA:72,1
DA:75,1
DA:76,1
DA:77,1
DA:78,1
DA:79,1
DA:80,1
DA:81,1
DA:84,1
DA:85,1
DA:86,1
DA:87,1
DA:88,1
DA:89,1
DA:90,1
DA:93,1
DA:94,1
DA:95,1
DA:96,1
DA:97,1
DA:98,1
DA:99,1
DA:100,1
DA:103,1
DA:104,1
DA:105,1
DA:106,1
DA:107,1
DA:108,1
DA:111,1
DA:112,1
DA:113,1
DA:114,1
DA:115,1
DA:116,1
DA:119,1
DA:120,1
DA:121,1
DA:122,1
DA:123,1
DA:124,1
DA:125,1
DA:128,1
DA:129,1
DA:130,1
DA:131,1
DA:132,1
DA:133,1
DA:134,1
DA:137,1
DA:138,1
DA:139,1
DA:140,1
DA:141,1
DA:142,1
DA:143,1
DA:146,1
DA:147,1
DA:148,1
DA:149,1
DA:150,1
DA:151,1
DA:152,1
DA:153,1
DA:156,1
DA:157,1
DA:158,1
DA:159,1
DA:160,1
DA:161,1
DA:164,1
DA:165,1
DA:166,1
DA:167,1
DA:168,1
DA:169,1
DA:172,1
DA:173,1
DA:174,1
DA:175,1
DA:176,1
DA:177,1
DA:178,1
DA:181,1
DA:182,1
DA:183,1
DA:184,1
DA:185,1
DA:186,1
DA:187,1
DA:190,1
DA:191,1
DA:192,1
DA:193,1
DA:194,1
DA:195,1
DA:196,1
DA:199,1
DA:200,1
DA:201,1
DA:202,1
DA:203,1
DA:204,1
DA:205,1
DA:206,1
DA:209,1
DA:210,1
DA:211,1
DA:212,1
DA:213,1
DA:214,1
DA:217,1
DA:218,1
DA:219,1
DA:220,1
DA:221,1
DA:222,1
DA:225,1
DA:226,1
DA:227,1
DA:228,1
DA:229,1
DA:230,1
DA:231,1
DA:234,1
DA:235,1
DA:236,1
DA:237,1
DA:238,1
DA:239,1
DA:240,1
DA:243,1
DA:244,1
DA:245,1
DA:246,1
DA:247,1
DA:248,1
DA:249,1
DA:252,1
DA:253,1
DA:254,1
DA:255,1
DA:256,1
DA:257,1
DA:258,1
DA:259,1
DA:262,2
DA:263,2
DA:264,2
DA:265,2
DA:266,2
DA:267,2
DA:270,2
DA:271,2
DA:272,2
DA:273,2
DA:274,2
DA:275,2
DA:278,2
DA:279,2
DA:280,2
DA:281,2
DA:282,2
DA:283,2
DA:286,3
DA:287,3
DA:288,3
DA:289,3
DA:290,3
DA:291,3
DA:294,2
DA:295,2
DA:296,2
DA:297,2
DA:298,2
DA:299,2
DA:302,2
DA:303,2
DA:304,2
DA:305,2
DA:306,2
DA:307,2
DA:310,2
DA:311,2
DA:312,2
DA:313,2
DA:314,2
DA:315,2
DA:318,1
DA:319,1
DA:320,1
DA:321,1
DA:322,1
DA:323,1
DA:326,1
DA:327,1
DA:328,1
DA:329,1
DA:330,1
DA:331,1
DA:334,1
DA:335,1
DA:336,1
DA:337,1
DA:338,1
DA:339,1
DA:342,1
DA:343,1
DA:344,1
DA:345,1
DA:346,1
DA:347,1
DA:350,1
DA:351,1
DA:352,1
DA:353,1
DA:354,1
DA:355,1
DA:358,1
DA:359,1
DA:360,1
DA:361,1
DA:362,1
DA:363,1
DA:366,1
DA:367,1
DA:368,1
DA:369,1
DA:370,1
DA:371,1
DA:374,1
DA:375,1
DA:376,1
DA:377,1
DA:378,1
DA:379,1
DA:382,1
DA:383,1
DA:384,1
DA:385,1
DA:386,1
DA:387,1
DA:390,1
DA:391,1
DA:392,1
DA:393,1
DA:394,1
DA:395,1
DA:398,1
DA:399,1
DA:400,1
DA:401,1
DA:402,1
DA:403,1
DA:406,1
DA:409,1
DA:410,1
DA:411,1
DA:412,1
DA:413,1
DA:414,1
DA:415,1
DA:416,1
DA:417,1
DA:418,1
DA:419,1
DA:420,1
DA:421,1
DA:422,1
DA:423,1
DA:424,1
DA:425,1
DA:426,1
DA:427,1
DA:428,1
DA:429,1
DA:430,1
DA:431,1
DA:432,1
DA:433,1
DA:434,1
DA:435,1
DA:436,1
DA:437,1
DA:438,1
DA:439,1
DA:440,1
DA:441,1
DA:442,1
DA:443,1
DA:444,1
DA:445,1
DA:446,1
DA:447,1
DA:448,1
DA:449,1
DA:450,1
DA:451,1
DA:452,1
DA:453,1
DA:454,1
DA:455,1
DA:456,1
DA:457,1
DA:458,1
DA:459,1
DA:460,1
DA:461,1
DA:462,1
DA:463,1
DA:464,1
DA:465,1
DA:467,1
DA:468,1
LF:365
LH:365
end_of_record
TN:gcov_test
SF:/Users/Misha/Desktop/School 21/repositories/C5_s21_decimal-6/src/conversion_test.c
FN:108,117,from_decimal_to_float_1_fn
FN:120,129,from_decimal_to_float_2_fn
FN:132,141,from_decimal_to_float_4_fn
FN:14,21,s21_fl_to_dec_2_fn
FN:144,153,from_decimal_to_float_5_fn
FN:156,165,from_decimal_to_float_10_fn
FN:168,177,from_decimal_to_float_11_fn
FN:180,189,from_decimal_to_float_12_fn
FN:192,201,from_decimal_to_float_14_fn
FN:204,213,from_decimal_to_float_15_fn
FN:216,225,from_decimal_to_float_16_fn
FN:230,241,from_decimal_to_int_2_fn
FN:24,31,s21_fl_to_dec_3_fn
FN:244,255,from_decimal_to_int_4_fn
FN:258,269,from_decimal_to_int_5_fn
FN:272,283,from_decimal_to_int_6_fn
FN:287,297,from_float_to_decimal_1_fn
FN:300,307,from_float_to_decimal_2_fn
FN:310,317,from_float_to_decimal_3_fn
FN:320,330,from_float_to_decimal_4_fn
FN:333,340,from_float_to_decimal_5_fn
FN:34,41,s21_fl_to_dec_4_fn
FN:343,350,from_float_to_decimal_6_fn
FN:353,360,from_float_to_decimal_7_fn
FN:363,370,from_float_to_decimal_8_fn
FN:373,380,from_float_to_decimal_9_fn
FN:383,390,from_float_to_decimal_10_fn
FN:393,400,from_float_to_decimal_11_fn
FN:403,408,from_float_to_decimal_12_fn
FN:411,418,from_float_to_decimal_13_fn
FN:421,428,from_float_to_decimal_14_fn
FN:431,438,from_float_to_decimal_15_fn
FN:44,55,float_to_dec_suite
FN:441,448,from_float_to_decimal_16_fn
FN:451,458,from_float_to_decimal_17_fn
FN:461,468,from_float_to_decimal_18_fn
FN:470,477,from_float_to_decimal_19_fn
FN:479,486,from_float_to_decimal_20_fn
FN:488,495,from_float_to_decimal_21_fn
FN:497,504,from_float_to_decimal_22_fn
FN:507,514,from_float_to_decimal_23_fn
FN:517,524,from_float_to_decimal_24_fn
FN:527,534,from_float_to_decimal_25_fn
FN:537,544,from_float_to_decimal_26_fn
FN:547,554,from_float_to_decimal_27_fn
FN:558,565,from_int_to_decimal_1_fn
FN:568,575,from_int_to_decimal_2_fn
FN:578,585,from_int_to_decimal_3_fn
FN:588,595,from_int_to_decimal_4_fn
FN:598,605,from_int_to_decimal_5_fn
FN:60,75,s21_int_to_dec_fn
FN:608,664,int_to_dec_suite
FN:7,11,s21_fl_to_dec_1_fn
FN:77,88,s21_dec_to_int_fn
FN:89,95,s21_int_to_dec_1_fn
FN:98,104,s21_int_to_dec_2_fn
FNDA:1,from_decimal_to_float_1_fn
FNDA:1,from_decimal_to_float_2_fn
FNDA:1,from_decimal_to_float_4_fn
FNDA:1,s21_fl_to_dec_2_fn
FNDA:1,from_decimal_to_float_5_fn
FNDA:1,from_decimal_to_float_10_fn
FNDA:1,from_decimal_to_float_11_fn
FNDA:1,from_decimal_to_float_12_fn
FNDA:1,from_decimal_to_float_14_fn
FNDA:1,from_decimal_to_float_15_fn
FNDA:1,from_decimal_to_float_16_fn
FNDA:1,from_decimal_to_int_2_fn
FNDA:1,s21_fl_to_dec_3_fn
FNDA:1,from_decimal_to_int_4_fn
FNDA:1,from_decimal_to_int_5_fn
FNDA:1,from_decimal_to_int_6_fn
FNDA:1,from_float_to_decimal_1_fn
FNDA:1,from_float_to_decimal_2_fn
FNDA:1,from_float_to_decimal_3_fn
FNDA:1,from_float_to_decimal_4_fn
FNDA:1,from_float_to_decimal_5_fn
FNDA:1,s21_fl_to_dec_4_fn
FNDA:1,from_float_to_decimal_6_fn
FNDA:1,from_float_to_decimal_7_fn
FNDA:1,from_float_to_decimal_8_fn
FNDA:1,from_float_to_decimal_9_fn
FNDA:1,from_float_to_decimal_10_fn
FNDA:1,from_float_to_decimal_11_fn
FNDA:1,from_float_to_decimal_12_fn
FNDA:1,from_float_to_decimal_13_fn
FNDA:1,from_float_to_decimal_14_fn
FNDA:1,from_float_to_decimal_15_fn
FNDA:1,float_to_dec_suite
FNDA:1,from_float_to_decimal_16_fn
FNDA:1,from_float_to_decimal_17_fn
FNDA:1,from_float_to_decimal_18_fn
FNDA:1,from_float_to_decimal_19_fn
FNDA:1,from_float_to_decimal_20_fn
FNDA:1,from_float_to_decimal_21_fn
FNDA:1,from_float_to_decimal_22_fn
FNDA:1,from_float_to_decimal_23_fn
FNDA:1,from_float_to_decimal_24_fn
FNDA:1,from_float_to_decimal_25_fn
FNDA:1,from_float_to_decimal_26_fn
FNDA:1,from_float_to_decimal_27_fn
FNDA:1,from_int_to_decimal_1_fn
FNDA:1,from_int_to_decimal_2_fn
FNDA:1,from_int_to_decimal_3_fn
FNDA:1,from_int_to_decimal_4_fn
FNDA:1,from_int_to_decimal_5_fn
FNDA:1,s21_int_to_dec_fn
FNDA:1,int_to_dec_suite
FNDA:1,s21_fl_to_dec_1_fn
FNDA:1,s21_dec_to_int_fn
FNDA:1,s21_int_to_dec_1_fn
FNDA:1,s21_int_to_dec_2_fn
FNF:56
FNH:56
DA:7,1
DA:8,1
DA:9,1
DA:10,1
DA:11,1
DA:14,1
DA:15,1
DA:16,1
DA:17,1
DA:18,1
DA:19,1
DA:20,1
DA:21,1
DA:24,1
DA:25,1
DA:26,1
DA:27,1
DA:28,1
DA:29,1
DA:30,1
DA:31,1
DA:34,1
DA:35,1
DA:36,1
DA:37,1
DA:38,1
DA:39,1
DA:40,1
DA:41,1
DA:44,1
DA:47,1
DA:48,1
DA:49,1
DA:50,1
DA:51,1
DA:52,1
DA:54,1
DA:55,1
DA:60,1
DA:65,1
DA:66,1
DA:67,1
DA:68,1
DA:69,1
DA:70,1
DA:71,1
DA:72,1
DA:73,1
DA:74,1
DA:75,1
DA:77,1
DA:80,1
DA:81,1
DA:82,1
DA:83,1
DA:84,1
DA:85,1
DA:86,1
DA:87,1
DA:88,1
DA:89,1
DA:90,1
DA:91,1
DA:92,1
DA:93,1
DA:94,1
DA:95,1
DA:98,1
DA:99,1
DA:100,1
DA:101,1
DA:102,1
DA:103,1
DA:104,1
DA:108,1
DA:110,1
DA:111,1
DA:112,1
DA:113,1
DA:114,1
DA:115,1
DA:116,1
DA:117,1
DA:120,1
DA:122,1
DA:123,1
DA:124,1
DA:125,1
DA:126,1
DA:127,1
DA:128,1
DA:129,1
DA:132,1
DA:134,1
DA:135,1
DA:136,1
DA:137,1
DA:138,1
DA:139,1
DA:140,1
DA:141,1
DA:144,1
DA:146,1
DA:147,1
DA:148,1
DA:149,1
DA:150,1
DA:151,1
DA:152,1
DA:153,1
DA:156,1
DA:158,1
DA:159,1
DA:160,1
DA:161,1
DA:162,1
DA:163,1
DA:164,1
DA:165,1
DA:168,1
DA:170,1
DA:171,1
DA:172,1
DA:173,1
DA:174,1
DA:175,1
DA:176,1
DA:177,1
DA:180,1
DA:182,1
DA:183,1
DA:184,1
DA:185,1
DA:186,1
DA:187,1
DA:188,1
DA:189,1
DA:192,1
DA:194,1
DA:195,1
DA:196,1
DA:197,1
DA:198,1
DA:199,1
DA:200,1
DA:201,1
DA:204,1
DA:206,1
DA:207,1
DA:208,1
DA:209,1
DA:210,1
DA:211,1
DA:212,1
DA:213,1
DA:216,1
DA:218,1
DA:219,1
DA:220,1
DA:221,1
DA:222,1
DA:223,1
DA:224,1
DA:225,1
DA:230,1
DA:232,1
DA:233,1
DA:234,1
DA:235,1
DA:236,1
DA:237,1
DA:238,1
DA:239,1
DA:240,1
DA:241,1
DA:244,1
DA:246,1
DA:247,1
DA:248,1
DA:249,1
DA:250,1
DA:251,1
DA:252,1
DA:253,1
DA:254,1
DA:255,1
DA:258,1
DA:260,1
DA:261,1
DA:262,1
DA:263,1
DA:264,1
DA:265,1
DA:266,1
DA:267,1
DA:268,1
DA:269,1
DA:272,1
DA:274,1
DA:275,1
DA:276,1
DA:277,1
DA:278,1
DA:279,1
DA:280,1
DA:281,1
DA:282,1
DA:283,1
DA:287,1
DA:288,1
DA:289,1
DA:290,1
DA:291,1
DA:292,1
DA:293,1
DA:294,1
DA:295,1
DA:296,1
DA:297,1
DA:300,1
DA:301,1
DA:302,1
DA:303,1
DA:304,1
DA:305,5
DA:306,1
DA:307,1
DA:310,1
DA:311,1
DA:312,1
DA:313,1
DA:314,1
DA:315,5
DA:316,1
DA:317,1
DA:320,1
DA:321,1
DA:322,1
DA:323,1
DA:324,1
DA:325,1
DA:326,1
DA:327,1
DA:328,1
DA:329,1
DA:330,1
DA:333,1
DA:334,1
DA:335,1
DA:336,1
DA:337,1
DA:338,5
DA:339,1
DA:340,1
DA:343,1
DA:344,1
DA:345,1
DA:346,1
DA:347,1
DA:348,5
DA:349,1
DA:350,1
DA:353,1
DA:354,1
DA:355,1
DA:356,1
DA:357,1
DA:358,1
DA:359,0
DA:360,0
DA:363,1
DA:364,1
DA:365,1
DA:366,1
DA:367,1
DA:368,1
DA:369,0
DA:370,0
DA:373,1
DA:374,1
DA:375,1
DA:376,1
DA:377,1
DA:378,1
DA:379,0
DA:380,0
DA:383,1
DA:384,1
DA:385,1
DA:386,1
DA:387,1
DA:388,1
DA:389,0
DA:390,0
DA:393,1
DA:394,1
DA:395,1
DA:396,1
DA:397,1
DA:398,1
DA:399,0
DA:400,0
DA:403,1
DA:404,1
DA:405,1
DA:406,1
DA:407,1
DA:408,1
DA:411,1
DA:412,1
DA:413,1
DA:414,1
DA:415,1
DA:416,5
DA:417,1
DA:418,1
DA:421,1
DA:422,1
DA:423,1
DA:424,1
DA:425,1
DA:426,5
DA:427,1
DA:428,1
DA:431,1
DA:432,1
DA:433,1
DA:434,1
DA:435,1
DA:436,5
DA:437,1
DA:438,1
DA:441,1
DA:442,1
DA:443,1
DA:444,1
DA:445,1
DA:446,1
DA:447,0
DA:448,0
DA:451,1
DA:452,1
DA:453,1
DA:454,1
DA:455,1
DA:456,1
DA:457,0
DA:458,0
DA:461,1
DA:462,1
DA:463,1
DA:464,1
DA:465,1
DA:466,1
DA:467,0
DA:468,0
DA:470,1
DA:471,1
DA:472,1
DA:473,1
DA:474,1
DA:475,1
DA:476,0
DA:477,0
DA:479,1
DA:480,1
DA:481,1
DA:482,1
DA:483,1
DA:484,1
DA:485,0
DA:486,0
DA:488,1
DA:489,1
DA:490,1
DA:491,1
DA:492,1
DA:493,1
DA:494,0
DA:495,0
DA:497,1
DA:498,1
DA:499,1
DA:500,1
DA:501,1
DA:502,1
DA:503,0
DA:504,0
DA:507,1
DA:508,1
DA:509,1
DA:510,1
DA:511,1
DA:512,5
DA:513,1
DA:514,1
DA:517,1
DA:518,1
DA:519,1
DA:520,1
DA:521,1
DA:522,5
DA:523,1
DA:524,1
DA:527,1
DA:528,1
DA:529,1
DA:530,1
DA:531,1
DA:532,1
DA:533,0
DA:534,0
DA:537,1
DA:538,1
DA:539,1
DA:540,1
DA:541,1
DA:542,5
DA:543,1
DA:544,1
DA:547,1
DA:548,1
DA:549,1
DA:550,1
DA:551,1
DA:552,5
DA:553,1
DA:554,1
DA:558,1
DA:560,1
DA:561,1
DA:562,1
DA:563,1
DA:564,1
DA:565,1
DA:568,1
DA:570,1
DA:571,1
DA:572,1
DA:573,1
DA:574,1
DA:575,1
DA:578,1
DA:580,1
DA:581,1
DA:582,1
DA:583,1
DA:584,1
DA:585,1
DA:588,1
DA:590,1
DA:591,1
DA:592,1
DA:593,1
DA:594,1
DA:595,1
DA:598,1
DA:600,1
DA:601,1
DA:602,1
DA:603,1
DA:604,1
DA:605,1
DA:608,1
DA:611,1
DA:612,1
DA:613,1
DA:614,1
DA:615,1
DA:616,1
DA:617,1
DA:618,1
DA:619,1
DA:620,1
DA:621,1
DA:622,1
DA:623,1
DA:624,1
DA:625,1
DA:626,1
DA:627,1
DA:628,1
DA:629,1
DA:630,1
DA:631,1
DA:632,1
DA:633,1
DA:634,1
DA:635,1
DA:636,1
DA:637,1
DA:638,1
DA:639,1
DA:640,1
DA:641,1
DA:642,1
DA:643,1
DA:644,1
DA:645,1
DA:646,1
DA:647,1
DA:648,1
DA:649,1
DA:650,1
DA:651,1
DA:652,1
DA:653,1
DA:654,1
DA:655,1
DA:656,1
DA:657,1
DA:658,1
DA:659,1
DA:660,1
DA:661,1
DA:662,1
DA:663,1
DA:664,1
LF:518
LH:492
end_of_record
TN:gcov_test
SF:/Users/Misha/Desktop/School 21/repositories/C5_s21_decimal-6/src/div_test.c
FN:104,130,s21_div_7_fn
FN:133,147,s21_div_8_fn
FN:150,159,s21_div_9_fn
FN:162,172,s21_div_10_fn
FN:175,186,s21_div_11_fn
FN:189,201,s21_div_12_fn
FN:20,30,s21_div_2_fn
FN:204,227,s21_div_13_fn
FN:230,248,s21_div_14_fn
FN:251,273,s21_div_15_fn
FN:276,288,test_div_1_fn
FN:291,303,test_div_2_fn
FN:306,318,test_div_3_fn
FN:321,333,test_div_4_fn
FN:33,45,s21_div_3_fn
FN:336,344,test_div_5_fn
FN:347,353,test_div_6_fn
FN:356,365,test_div_7_fn
FN:368,380,test_div_8_fn
FN:383,388,test_div_9_fn
FN:391,421,dec_div_suite
FN:47,70,s21_div_4_fn
FN:7,17,s21_div_1_fn
FN:72,85,s21_div_5_fn
FN:88,101,s21_div_6_fn
FNDA:1,s21_div_7_fn
FNDA:1,s21_div_8_fn
FNDA:1,s21_div_9_fn
FNDA:1,s21_div_10_fn
FNDA:1,s21_div_11_fn
FNDA:1,s21_div_12_fn
FNDA:1,s21_div_2_fn
FNDA:1,s21_div_13_fn
FNDA:1,s21_div_14_fn
FNDA:1,s21_div_15_fn
FNDA:1,test_div_1_fn
FNDA:1,test_div_2_fn
FNDA:1,test_div_3_fn
FNDA:1,test_div_4_fn
FNDA:1,s21_div_3_fn
FNDA:1,test_div_5_fn
FNDA:1,test_div_6_fn
FNDA:1,test_div_7_fn
FNDA:1,test_div_8_fn
FNDA:1,test_div_9_fn
FNDA:1,dec_div_suite
FNDA:1,s21_div_4_fn
FNDA:1,s21_div_1_fn
FNDA:1,s21_div_5_fn
FNDA:1,s21_div_6_fn
FNF:25
FNH:25
DA:7,1
DA:9,1
DA:10,1
DA:12,1
DA:13,1
DA:14,1
DA:15,1
DA:16,1
DA:17,1
DA:20,1
DA:22,1
DA:23,1
DA:25,1
DA:26,1
DA:27,1
DA:28,1
DA:30,1
DA:33,1
DA:35,1
DA:36,1
DA:38,1
DA:39,1
DA:40,1
DA:41,1
DA:42,1
DA:43,1
DA:45,1
DA:47,1
DA:49,1
DA:50,1
DA:51,1
DA:52,1
DA:53,1
DA:54,1
DA:55,1
DA:56,1
DA:57,1
DA:58,1
DA:59,1
DA:60,1
DA:61,1
DA:62,1
DA:63,1
DA:64,1
DA:65,1
DA:66,1
DA:67,1
DA:68,1
DA:70,1
DA:72,1
DA:74,1
DA:75,1
DA:77,1
DA:78,1
DA:79,1
DA:80,1
DA:81,1
DA:82,1
DA:83,1
DA:85,1
DA:88,1
DA:90,1
DA:91,1
DA:93,1
DA:94,1
DA:96,1
DA:97,1
DA:98,1
DA:99,1
DA:101,1
DA:104,1
DA:106,1
DA:107,1
DA:109,1
DA:110,1
DA:112,1
DA:113,1
DA:115,1
DA:116,1
DA:117,1
DA:118,1
DA:119,1
DA:121,1
DA:122,1
DA:124,1
DA:125,1
DA:126,1
DA:127,1
DA:128,1
DA:130,1
DA:133,1
DA:134,1
DA:135,1
DA:137,1
DA:138,1
DA:139,1
DA:140,1
DA:141,1
DA:142,1
DA:143,1
DA:144,1
DA:145,1
DA:146,1
DA:147,1
DA:150,1
DA:151,1
DA:152,1
DA:154,1
DA:155,1
DA:156,1
DA:157,1
DA:158,1
DA:159,1
DA:162,1
DA:163,1
DA:164,1
DA:166,1
DA:167,1
DA:168,1
DA:169,1
DA:170,1
DA:171,1
DA:172,1
DA:175,1
DA:176,1
DA:177,1
DA:179,1
DA:180,1
DA:181,1
DA:182,1
DA:183,1
DA:184,1
DA:185,1
DA:186,1
DA:189,1
DA:190,1
DA:191,1
DA:193,1
DA:194,1
DA:195,1
DA:196,1
DA:197,1
DA:198,1
DA:199,1
DA:200,1
DA:201,1
DA:204,1
DA:205,1
DA:206,1
DA:208,1
DA:209,1
DA:210,1
DA:211,1
DA:212,1
DA:213,1
DA:214,1
DA:215,1
DA:218,1
DA:219,1
DA:220,1
DA:221,1
DA:222,1
DA:223,1
DA:224,1
DA:225,1
DA:226,1
DA:227,1
DA:230,1
DA:231,1
DA:232,1
DA:234,1
DA:235,1
DA:236,1
DA:238,1
DA:239,1
DA:240,1
DA:241,1
DA:242,1
DA:243,1
DA:244,1
DA:245,1
DA:246,1
DA:247,1
DA:248,1
DA:251,1
DA:252,1
DA:253,1
DA:255,1
DA:256,1
DA:257,1
DA:258,1
DA:259,1
DA:260,1
DA:261,1
DA:262,1
DA:264,1
DA:265,1
DA:266,1
DA:267,1
DA:268,1
DA:269,1
DA:270,1
DA:271,1
DA:272,1
DA:273,1
DA:276,1
DA:277,1
DA:278,1
DA:279,1
DA:280,1
DA:281,1
DA:282,1
DA:283,1
DA:284,1
DA:285,1
DA:286,1
DA:287,1
DA:288,1
DA:291,1
DA:292,1
DA:293,1
DA:294,1
DA:295,1
DA:296,1
DA:297,1
DA:298,1
DA:299,1
DA:300,1
DA:301,1
DA:302,1
DA:303,1
DA:306,1
DA:307,1
DA:308,1
DA:309,1
DA:310,1
DA:311,1
DA:312,1
DA:313,1
DA:314,1
DA:315,1
DA:316,1
DA:317,1
DA:318,1
DA:321,1
DA:322,1
DA:323,1
DA:324,1
DA:325,1
DA:326,1
DA:327,1
DA:328,1
DA:329,1
DA:330,1
DA:331,1
DA:332,1
DA:333,1
DA:336,1
DA:337,1
DA:338,1
DA:339,1
DA:341,1
DA:342,1
DA:343,1
DA:344,1
DA:347,1
DA:348,1
DA:349,1
DA:351,1
DA:352,1
DA:353,1
DA:356,1
DA:357,1
DA:358,1
DA:359,1
DA:360,1
DA:361,1
DA:362,1
DA:363,1
DA:364,1
DA:365,1
DA:368,1
DA:369,1
DA:370,1
DA:371,1
DA:372,1
DA:373,1
DA:374,1
DA:375,1
DA:376,1
DA:377,1
DA:378,1
DA:379,1
DA:380,1
DA:383,1
DA:384,1
DA:385,1
DA:386,1
DA:387,1
DA:388,1
DA:391,1
DA:394,1
DA:395,1
DA:396,1
DA:397,1
DA:398,1
DA:399,1
DA:400,1
DA:401,1
DA:402,1
DA:403,1
DA:404,1
DA:405,1
DA:406,1
DA:407,1
DA:408,1
DA:409,1
DA:410,1
DA:411,1
DA:412,1
DA:413,1
DA:414,1
DA:415,1
DA:416,1
DA:417,1
DA:418,1
DA:419,1
DA:420,1
DA:421,1
LF:329
LH:329
end_of_record
TN:gcov_test
SF:/Users/Misha/Desktop/School 21/repositories/C5_s21_decimal-6/src/main.c
FN:8,249,main
FNDA:1,main
FNF:1
FNH:1
DA:8,1
DA:9,8
DA:10,2
DA:11,2
DA:12,2
DA:13,1
DA:14,1
DA:15,10
DA:17,9
DA:18,9
DA:19,9
DA:20,9
DA:21,9
DA:22,9
DA:24,1
DA:249,1
LF:16
LH:16
end_of_record
TN:gcov_test
SF:/Users/Misha/Desktop/School 21/repositories/C5_s21_decimal-6/src/mod_test.c
FN:115,129,s21_mod_8_fn
FN:131,145,s21_mod_9_fn
FN:147,164,s21_mod_10_fn
FN:166,181,dec_mod_suite
FN:24,44,s21_mod_2_fn
FN:47,61,s21_mod_4_fn
FN:64,78,s21_mod_5_fn
FN:7,21,s21_mod_1_fn
FN:81,95,s21_mod_6_fn
FN:97,113,s21_mod_7_fn
FNDA:1,s21_mod_8_fn
FNDA:1,s21_mod_9_fn
FNDA:1,s21_mod_10_fn
FNDA:1,dec_mod_suite
FNDA:1,s21_mod_2_fn
FNDA:1,s21_mod_4_fn
FNDA:1,s21_mod_5_fn
FNDA:1,s21_mod_1_fn
FNDA:1,s21_mod_6_fn
FNDA:1,s21_mod_7_fn
FNF:10
FNH:10
DA:7,1
DA:8,1
DA:9,1
DA:12,1
DA:13,1
DA:15,1
DA:16,1
DA:18,1
DA:19,1
DA:20,1
DA:21,1
DA:24,1
DA:25,1
DA:26,1
DA:29,1
DA:30,1
DA:31,1
DA:32,1
DA:33,1
DA:34,1
DA:36,1
DA:37,1
DA:38,1
DA:39,1
DA:41,1
DA:42,1
DA:43,1
DA:44,1
DA:47,1
DA:48,1
DA:49,1
DA:52,1
DA:53,1
DA:54,1
DA:56,1
DA:57,1
DA:58,1
DA:59,1
DA:60,1
DA:61,1
DA:64,1
DA:65,1
DA:66,1
DA:69,1
DA:70,1
DA:71,1
DA:72,1
DA:73,1
DA:74,1
DA:76,1
DA:77,1
DA:78,1
DA:81,1
DA:82,1
DA:83,1
DA:86,1
DA:87,1
DA:89,1
DA:90,1
DA:92,1
DA:93,1
DA:94,1
DA:95,1
DA:97,1
DA:98,1
DA:99,1
DA:102,1
DA:103,1
DA:104,1
DA:106,1
DA:107,1
DA:108,1
DA:110,1
DA:111,1
DA:112,1
DA:113,1
DA:115,1
DA:116,1
DA:117,1
DA:120,1
DA:121,1
DA:123,1
DA:124,1
DA:126,1
DA:127,1
DA:128,1
DA:129,1
DA:131,1
DA:132,1
DA:133,1
DA:136,1
DA:137,1
DA:139,1
DA:140,1
DA:142,1
DA:143,1
DA:144,1
DA:145,1
DA:147,1
DA:148,1
DA:149,1
DA:152,1
DA:153,1
DA:155,1
DA:156,1
DA:158,1
DA:159,1
DA:161,1
DA:162,1
DA:163,1
DA:164,1
DA:166,1
DA:169,1
DA:170,1
DA:171,1
DA:172,1
DA:173,1
DA:174,1
DA:175,1
DA:176,1
DA:177,1
DA:178,1
DA:179,1
DA:180,1
DA:181,1
LF:125
LH:125
end_of_record
TN:gcov_test
SF:/Users/Misha/Desktop/School 21/repositories/C5_s21_decimal-6/src/mul_test.c
FN:105,127,s21_mul_7_fn
FN:129,151,s21_mul_8_fn
FN:154,176,s21_mul_9_fn
FN:179,184,test_mul_4_fn
FN:187,192,test_mul_5_fn
FN:195,200,test_mul_6_fn
FN:203,211,test_mul_10_fn
FN:214,225,test_mul_11_fn
FN:228,241,test_mul_12_fn
FN:23,36,s21_mul_2_fn
FN:244,257,test_mul_13_fn
FN:260,273,test_mul_14_fn
FN:276,288,test_mul_15_fn
FN:291,303,test_mul_16_fn
FN:306,318,test_mul_17_fn
FN:321,347,dec_mul_suite
FN:39,52,s21_mul_3_fn
FN:55,68,s21_mul_4_fn
FN:7,20,s21_mul_1_fn
FN:71,79,s21_mul_5_fn
FN:82,102,s21_mul_6_fn
FNDA:1,s21_mul_7_fn
FNDA:1,s21_mul_8_fn
FNDA:1,s21_mul_9_fn
FNDA:1,test_mul_4_fn
FNDA:1,test_mul_5_fn
FNDA:1,test_mul_6_fn
FNDA:1,test_mul_10_fn
FNDA:1,test_mul_11_fn
FNDA:1,test_mul_12_fn
FNDA:1,s21_mul_2_fn
FNDA:1,test_mul_13_fn
FNDA:1,test_mul_14_fn
FNDA:1,test_mul_15_fn
FNDA:1,test_mul_16_fn
FNDA:1,test_mul_17_fn
FNDA:1,dec_mul_suite
FNDA:1,s21_mul_3_fn
FNDA:1,s21_mul_4_fn
FNDA:1,s21_mul_1_fn
FNDA:1,s21_mul_5_fn
FNDA:1,s21_mul_6_fn
FNF:21
FNH:21
DA:7,1
DA:8,1
DA:9,1
DA:10,1
DA:11,1
DA:12,1
DA:13,1
DA:14,1
DA:15,1
DA:16,1
DA:17,1
DA:18,1
DA:19,1
DA:20,1
DA:23,1
DA:24,1
DA:25,1
DA:26,1
DA:27,1
DA:28,1
DA:29,1
DA:30,1
DA:31,1
DA:32,1
DA:33,1
DA:34,1
DA:35,1
DA:36,1
DA:39,1
DA:40,1
DA:41,1
DA:42,1
DA:43,1
DA:44,1
DA:45,1
DA:46,1
DA:47,1
DA:48,1
DA:49,1
DA:50,1
DA:51,1
DA:52,1
DA:55,1
DA:56,1
DA:57,1
DA:58,1
DA:59,1
DA:60,1
DA:61,1
DA:62,1
DA:63,1
DA:64,1
DA:65,1
DA:66,1
DA:67,1
DA:68,1
DA:71,1
DA:72,1
DA:73,1
DA:75,1
DA:76,1
DA:77,1
DA:78,1
DA:79,1
DA:82,1
DA:83,1
DA:84,1
DA:86,1
DA:87,1
DA:88,1
DA:89,1
DA:90,1
DA:91,1
DA:92,1
DA:93,1
DA:94,1
DA:95,1
DA:96,1
DA:97,1
DA:98,1
DA:99,1
DA:100,1
DA:101,1
DA:102,1
DA:105,1
DA:106,1
DA:107,1
DA:109,1
DA:110,1
DA:111,1
DA:112,1
DA:113,1
DA:114,1
DA:115,1
DA:116,1
DA:117,1
DA:118,1
DA:119,1
DA:120,1
DA:121,1
DA:122,1
DA:123,1
DA:124,1
DA:125,1
DA:126,1
DA:127,1
DA:129,1
DA:130,1
DA:131,1
DA:133,1
DA:134,1
DA:135,1
DA:136,1
DA:137,1
DA:138,1
DA:139,1
DA:140,1
DA:141,1
DA:142,1
DA:143,1
DA:144,1
DA:145,1
DA:146,1
DA:147,1
DA:148,1
DA:149,1
DA:150,1
DA:151,1
DA:154,1
DA:155,1
DA:156,1
DA:158,1
DA:159,1
DA:160,1
DA:161,1
DA:162,1
DA:163,1
DA:164,1
DA:165,1
DA:166,1
DA:167,1
DA:168,1
DA:169,1
DA:170,1
DA:171,1
DA:172,1
DA:173,1
DA:174,1
DA:175,1
DA:176,1
DA:179,1
DA:180,1
DA:181,1
DA:182,1
DA:183,1
DA:184,1
DA:187,1
DA:188,1
DA:189,1
DA:190,1
DA:191,1
DA:192,1
DA:195,1
DA:196,1
DA:197,1
DA:198,1
DA:199,1
DA:200,1
DA:203,1
DA:204,1
DA:205,1
DA:206,1
DA:207,1
DA:208,1
DA:209,1
DA:210,1
DA:211,1
DA:214,1
DA:216,1
DA:217,1
DA:218,1
DA:219,1
DA:220,1
DA:221,1
DA:222,1
DA:223,1
DA:224,1
DA:225,1
DA:228,1
DA:229,1
DA:230,1
DA:231,1
DA:232,1
DA:233,1
DA:234,1
DA:235,1
DA:236,1
DA:237,1
DA:238,1
DA:239,1
DA:240,1
DA:241,1
DA:244,1
DA:245,1
DA:246,1
DA:247,1
DA:248,1
DA:249,1
DA:250,1
DA:251,1
DA:252,1
DA:253,1
DA:254,1
DA:255,1
DA:256,1
DA:257,1
DA:260,1
DA:261,1
DA:262,1
DA:263,1
DA:264,1
DA:265,1
DA:266,1
DA:267,1
DA:268,1
DA:269,1
DA:270,1
DA:271,1
DA:272,1
DA:273,1
DA:276,1
DA:277,1
DA:278,1
DA:279,1
DA:280,1
DA:281,1
DA:282,1
DA:283,1
DA:284,1
DA:285,1
DA:286,1
DA:287,1
DA:288,1
DA:291,1
DA:292,1
DA:293,1
DA:294,1
DA:295,1
DA:296,1
DA:297,1
DA:298,1
DA:299,1
DA:300,1
DA:301,1
DA:302,1
DA:303,1
DA:306,1
DA:307,1
DA:308,1
DA:309,1
DA:310,1
DA:311,1
DA:312,1
DA:313,1
DA:314,1
DA:315,1
DA:316,1
DA:317,1
DA:318,1
DA:321,1
DA:324,1
DA:325,1
DA:326,1
DA:327,1
DA:328,1
DA:329,1
DA:330,1
DA:331,1
DA:332,1
DA:333,1
DA:334,1
DA:335,1
DA:336,1
DA:337,1
DA:338,1
DA:339,1
DA:340,1
DA:341,1
DA:342,1
DA:343,1
DA:344,1
DA:345,1
DA:346,1
DA:347,1
LF:294
LH:294
end_of_record
TN:gcov_test
SF:/Users/Misha/Desktop/School 21/repositories/C5_s21_decimal-6/src/other_func_test.c
FN:110,120,s21_floor_8_fn
FN:123,130,s21_round_1_fn
FN:133,140,s21_round_2_fn
FN:143,150,s21_round_3_fn
FN:153,156,s21_round_4_fn
FN:159,179,s21_round_5_fn
FN:17,24,s21_floor_2_fn
FN:182,201,s21_round_6_fn
FN:204,224,s21_round_7_fn
FN:227,237,s21_round_8_fn
FN:240,247,s21_trunc_1_fn
FN:250,257,s21_trunc_2_fn
FN:260,267,s21_trunc_3_fn
FN:27,34,s21_floor_3_fn
FN:270,273,s21_trunc_4_fn
FN:276,296,s21_truncate_5_fn
FN:299,317,s21_truncate_6_fn
FN:320,339,s21_truncate_7_fn
FN:342,352,s21_truncate_8_fn
FN:355,371,test_floor_1_fn
FN:37,40,s21_floor_4_fn
FN:374,390,test_floor_2_fn
FN:394,398,test_negate_1_fn
FN:401,405,test_negate_2_fn
FN:408,412,test_negate_3_fn
FN:415,419,test_negate_4_fn
FN:422,460,dec_other_suite
FN:43,63,s21_floor_5_fn
FN:66,84,s21_floor_6_fn
FN:7,14,s21_floor_1_fn
FN:87,107,s21_floor_7_fn
FNDA:1,s21_floor_8_fn
FNDA:1,s21_round_1_fn
FNDA:1,s21_round_2_fn
FNDA:1,s21_round_3_fn
FNDA:1,s21_round_4_fn
FNDA:1,s21_round_5_fn
FNDA:1,s21_floor_2_fn
FNDA:1,s21_round_6_fn
FNDA:1,s21_round_7_fn
FNDA:1,s21_round_8_fn
FNDA:1,s21_trunc_1_fn
FNDA:1,s21_trunc_2_fn
FNDA:1,s21_trunc_3_fn
FNDA:1,s21_floor_3_fn
FNDA:1,s21_trunc_4_fn
FNDA:1,s21_truncate_5_fn
FNDA:1,s21_truncate_6_fn
FNDA:1,s21_truncate_7_fn
FNDA:1,s21_truncate_8_fn
FNDA:1,test_floor_1_fn
FNDA:1,s21_floor_4_fn
FNDA:1,test_floor_2_fn
FNDA:1,test_negate_1_fn
FNDA:1,test_negate_2_fn
FNDA:1,test_negate_3_fn
FNDA:1,test_negate_4_fn
FNDA:1,dec_other_suite
FNDA:1,s21_floor_5_fn
FNDA:1,s21_floor_6_fn
FNDA:1,s21_floor_1_fn
FNDA:1,s21_floor_7_fn
FNF:31
FNH:31
DA:7,1
DA:8,1
DA:9,1
DA:10,1
DA:11,1
DA:12,1
DA:13,1
DA:14,1
DA:17,1
DA:18,1
DA:19,1
DA:20,1
DA:21,1
DA:22,1
DA:23,1
DA:24,1
DA:27,1
DA:28,1
DA:29,1
DA:30,1
DA:31,1
DA:32,1
DA:33,1
DA:34,1
DA:37,1
DA:38,1
DA:39,1
DA:40,1
DA:43,1
DA:49,1
DA:50,1
DA:51,1
DA:52,1
DA:53,1
DA:57,1
DA:58,1
DA:59,1
DA:60,1
DA:61,1
DA:62,1
DA:63,1
DA:66,1
DA:72,1
DA:73,1
DA:74,1
DA:75,1
DA:76,1
DA:80,1
DA:81,1
DA:82,1
DA:83,1
DA:84,1
DA:87,1
DA:93,1
DA:94,1
DA:95,1
DA:96,1
DA:97,1
DA:98,1
DA:101,1
DA:102,1
DA:103,1
DA:104,1
DA:105,1
DA:106,1
DA:107,1
DA:110,1
DA:111,1
DA:112,1
DA:113,1
DA:114,1
DA:116,1
DA:117,1
DA:118,1
DA:119,1
DA:120,1
DA:123,1
DA:124,1
DA:125,1
DA:126,1
DA:127,1
DA:128,1
DA:129,1
DA:130,1
DA:133,1
DA:134,1
DA:135,1
DA:136,1
DA:137,1
DA:138,1
DA:139,1
DA:140,1
DA:143,1
DA:144,1
DA:145,1
DA:146,1
DA:147,1
DA:148,1
DA:149,1
DA:150,1
DA:153,1
DA:154,1
DA:155,1
DA:156,1
DA:159,1
DA:165,1
DA:166,1
DA:167,1
DA:168,1
DA:169,1
DA:173,1
DA:174,1
DA:175,1
DA:176,1
DA:177,1
DA:178,1
DA:179,1
DA:182,1
DA:188,1
DA:189,1
DA:190,1
DA:191,1
DA:192,1
DA:196,1
DA:197,1
DA:198,1
DA:199,1
DA:200,1
DA:201,1
DA:204,1
DA:210,1
DA:211,1
DA:212,1
DA:213,1
DA:214,1
DA:215,1
DA:218,1
DA:219,1
DA:220,1
DA:221,1
DA:222,1
DA:223,1
DA:224,1
DA:227,1
DA:228,1
DA:229,1
DA:230,1
DA:231,1
DA:233,1
DA:234,1
DA:235,1
DA:236,1
DA:237,1
DA:240,1
DA:241,1
DA:242,1
DA:243,1
DA:244,1
DA:245,1
DA:246,1
DA:247,1
DA:250,1
DA:251,1
DA:252,1
DA:253,1
DA:254,1
DA:255,1
DA:256,1
DA:257,1
DA:260,1
DA:261,1
DA:262,1
DA:263,1
DA:264,1
DA:265,1
DA:266,1
DA:267,1
DA:270,1
DA:271,1
DA:272,1
DA:273,1
DA:276,1
DA:282,1
DA:283,1
DA:284,1
DA:285,1
DA:286,1
DA:290,1
DA:291,1
DA:292,1
DA:293,1
DA:294,1
DA:295,1
DA:296,1
DA:299,1
DA:305,1
DA:306,1
DA:307,1
DA:308,1
DA:309,1
DA:313,1
DA:314,1
DA:315,1
DA:316,1
DA:317,1
DA:320,1
DA:326,1
DA:327,1
DA:328,1
DA:329,1
DA:330,1
DA:331,1
DA:334,1
DA:335,1
DA:336,1
DA:337,1
DA:338,1
DA:339,1
DA:342,1
DA:343,1
DA:344,1
DA:345,1
DA:346,1
DA:348,1
DA:349,1
DA:350,1
DA:351,1
DA:352,1
DA:355,1
DA:357,1
DA:358,1
DA:359,1
DA:360,1
DA:362,1
DA:363,1
DA:364,1
DA:365,1
DA:366,1
DA:367,1
DA:368,1
DA:369,1
DA:370,1
DA:371,1
DA:374,1
DA:376,1
DA:377,1
DA:378,1
DA:379,1
DA:381,1
DA:382,1
DA:383,1
DA:384,1
DA:385,1
DA:386,1
DA:387,1
DA:388,1
DA:389,1
DA:390,1
DA:394,1
DA:395,1
DA:397,1
DA:398,1
DA:401,1
DA:402,1
DA:403,1
DA:404,1
DA:405,1
DA:408,1
DA:409,1
DA:410,1
DA:411,1
DA:412,1
DA:415,1
DA:416,1
DA:417,1
DA:418,1
DA:419,1
DA:422,1
DA:425,1
DA:426,1
DA:427,1
DA:428,1
DA:429,1
DA:430,1
DA:431,1
DA:432,1
DA:433,1
DA:434,1
DA:435,1
DA:436,1
DA:437,1
DA:438,1
DA:439,1
DA:440,1
DA:441,1
DA:442,1
DA:443,1
DA:444,1
DA:445,1
DA:446,1
DA:447,1
DA:448,1
DA:449,1
DA:450,1
DA:451,1
DA:452,1
DA:453,1
DA:454,1
DA:455,1
DA:456,1
DA:459,1
DA:460,1
LF:312
LH:312
end_of_record
TN:gcov_test
SF:/Users/Misha/Desktop/School 21/repositories/C5_s21_decimal-6/src/s21_add.c
FN:6,30,s21_add
FNDA:24,s21_add
FNF:1
FNH:1
DA:6,24
DA:7,24
DA:8,24
DA:9,24
DA:11,24
DA:12,24
DA:13,24
DA:14,16
DA:15,16
DA:16,24
DA:17,4
DA:18,4
DA:19,4
DA:20,4
DA:21,4
DA:22,4
DA:23,8
DA:24,2
DA:25,2
DA:26,4
DA:27,2
DA:28,2
DA:29,2
DA:30,24
LF:24
LH:24
end_of_record
TN:gcov_test
SF:/Users/Misha/Desktop/School 21/repositories/C5_s21_decimal-6/src/s21_compare.c
FN:28,42,s21_is_less_or_equal_big
FN:45,48,s21_is_less_or_equal
FN:51,54,s21_is_greater
FN:57,60,s21_is_greater_or_equal
FN:6,24,s21_is_less
FN:63,72,s21_is_equal
FN:75,80,s21_is_not_equal
FNDA:67304,s21_is_less_or_equal_big
FNDA:9,s21_is_less_or_equal
FNDA:9,s21_is_greater
FNDA:12,s21_is_greater_or_equal
FNDA:42,s21_is_less
FNDA:118,s21_is_equal
FNDA:2,s21_is_not_equal
FNF:7
FNH:7
DA:6,42
DA:7,42
DA:8,42
DA:9,4
DA:11,42
DA:12,0
DA:13,38
DA:14,4
DA:16,38
DA:17,4
DA:18,4
DA:19,30
DA:20,30
DA:21,30
DA:22,30
DA:24,42
DA:28,67304
DA:29,67304
DA:30,67304
DA:31,67304
DA:32,413396
DA:33,346092
DA:34,38401
DA:35,38401
DA:36,346092
DA:37,28361
DA:38,28361
DA:39,28361
DA:40,346092
DA:42,67304
DA:45,9
DA:46,9
DA:47,9
DA:48,9
DA:51,9
DA:52,9
DA:53,9
DA:54,9
DA:57,12
DA:58,12
DA:59,12
DA:60,12
DA:63,118
DA:64,118
DA:65,118
DA:66,118
DA:67,118
DA:68,472
DA:69,354
DA:70,354
DA:71,118
DA:72,118
DA:75,2
DA:76,2
DA:77,10
DA:78,8
DA:79,8
DA:80,2
LF:58
LH:57
end_of_record
TN:gcov_test
SF:/Users/Misha/Desktop/School 21/repositories/C5_s21_decimal-6/src/s21_conversion.c
FN:113,123,s21_from_int_to_decimal
FN:126,150,s21_from_decimal_to_int
FN:54,81,make_7_digits
FN:6,52,s21_from_float_to_decimal
FN:83,110,s21_from_decimal_to_float
FNDA:72,s21_from_int_to_decimal
FNDA:39,s21_from_decimal_to_int
FNDA:37,make_7_digits
FNDA:41,s21_from_float_to_decimal
FNDA:25,s21_from_decimal_to_float
FNF:5
FNH:5
DA:6,41
DA:7,41
DA:8,41
DA:9,41
DA:14,41
DA:15,41
DA:16,41
DA:18,41
DA:19,41
DA:20,41
DA:21,41
DA:22,41
DA:23,41
DA:24,41
DA:25,518
DA:26,495
DA:27,495
DA:29,23
DA:30,1415
DA:31,1397
DA:32,1397
DA:33,1397
DA:36,41
DA:37,37
DA:38,37
DA:39,888
DA:40,851
DA:41,851
DA:42,851
DA:44,37
DA:45,148
DA:46,111
DA:47,111
DA:48,37
DA:49,37
DA:50,37
DA:51,41
DA:52,41
DA:54,37
DA:55,37
DA:56,37
DA:57,1012
DA:58,286
DA:59,274
DA:60,938
DA:61,938
DA:63,37
DA:64,12
DA:65,12
DA:66,12
DA:67,113
DA:68,76
DA:69,76
DA:71,37
DA:72,37
DA:73,152
DA:74,115
DA:75,115
DA:77,37
DA:78,37
DA:79,37
DA:80,37
DA:81,37
DA:83,25
DA:84,25
DA:85,25
DA:86,0
DA:87,0
DA:88,25
DA:89,25
DA:90,25
DA:91,25
DA:92,25
DA:93,25
DA:94,601
DA:95,576
DA:96,576
DA:97,576
DA:99,107
DA:100,82
DA:101,82
DA:103,25
DA:104,0
DA:106,25
DA:107,25
DA:110,25
DA:113,72
DA:114,72
DA:115,72
DA:116,72
DA:117,29
DA:118,29
DA:119,29
DA:120,43
DA:123,72
DA:126,39
DA:127,39
DA:128,39
DA:129,39
DA:130,39
DA:131,38
DA:132,36
DA:133,36
DA:134,36
DA:135,1
DA:136,37
DA:137,2
DA:138,7
DA:139,5
DA:140,5
DA:142,2
DA:143,0
DA:144,0
DA:145,2
DA:146,2
DA:147,2
DA:150,39
LF:117
LH:112
end_of_record
TN:gcov_test
SF:/Users/Misha/Desktop/School 21/repositories/C5_s21_decimal-6/src/s21_decimal_div.c
FN:11,57,s21_div
FN:60,83,s21_div_supp
FN:86,93,div10
FNDA:33,s21_div
FNDA:1568,s21_div_supp
FNDA:1434,div10
FNF:3
FNH:3
DA:11,33
DA:12,33
DA:13,33
DA:14,33
DA:15,4
DA:16,33
DA:17,8
DA:18,2
DA:20,0
DA:21,2
DA:22,27
DA:24,27
DA:25,27
DA:26,27
DA:27,27
DA:28,90
DA:29,63
DA:30,63
DA:31,63
DA:32,27
DA:33,162
DA:34,135
DA:35,135
DA:36,17
DA:37,17
DA:38,17
DA:39,17
DA:40,118
DA:41,114
DA:42,114
DA:43,114
DA:44,114
DA:45,114
DA:46,114
DA:47,114
DA:48,4
DA:52,30
DA:53,9
DA:54,32
DA:55,21
DA:57,27
DA:60,1568
DA:62,1568
DA:63,1568
DA:64,1568
DA:65,1568
DA:66,1568
DA:67,67422
DA:68,68707
DA:69,67139
DA:70,28868
DA:71,28868
DA:72,28868
DA:73,28868
DA:74,28868
DA:75,28868
DA:76,38271
DA:77,38271
DA:78,38271
DA:79,38271
DA:81,67139
DA:83,1568
DA:86,1434
DA:88,1434
DA:89,1434
DA:91,1434
DA:92,1434
DA:93,1434
LF:68
LH:67
end_of_record
TN:gcov_test
SF:/Users/Misha/Desktop/School 21/repositories/C5_s21_decimal-6/src/s21_decimal_mod.c
FN:6,48,s21_mod
FNDA:9,s21_mod
FNF:1
FNH:1
DA:6,9
DA:7,9
DA:8,9
DA:9,9
DA:10,9
DA:11,9
DA:12,9
DA:13,4
DA:14,4
DA:15,4
DA:16,4
DA:17,4
DA:18,4
DA:19,0
DA:20,0
DA:21,0
DA:22,0
DA:25,4
DA:26,4
DA:27,3
DA:28,3
DA:29,3
DA:31,1
DA:32,4
DA:33,3
DA:34,3
DA:35,12
DA:36,3
DA:37,3
DA:38,1
DA:40,9
DA:41,5
DA:42,5
DA:43,5
DA:44,0
DA:46,9
DA:47,9
DA:48,9
LF:38
LH:33
end_of_record
TN:gcov_test
SF:/Users/Misha/Desktop/School 21/repositories/C5_s21_decimal-6/src/s21_decimal_mul.c
FN:6,21,s21_mul
FNDA:20,s21_mul
FNF:1
FNH:1
DA:6,20
DA:7,20
DA:8,20
DA:9,20
DA:11,20
DA:12,20
DA:13,20
DA:14,215
DA:15,195
DA:16,195
DA:17,195
DA:19,20
DA:20,20
DA:21,20
LF:14
LH:14
end_of_record
TN:gcov_test
SF:/Users/Misha/Desktop/School 21/repositories/C5_s21_decimal-6/src/s21_decimal_sub.c
FN:6,15,s21_sub
FNDA:25,s21_sub
FNF:1
FNH:1
DA:6,25
DA:7,25
DA:8,25
DA:9,25
DA:11,25
DA:12,25
DA:13,25
DA:14,25
DA:15,25
LF:9
LH:9
end_of_record
TN:gcov_test
SF:/Users/Misha/Desktop/School 21/repositories/C5_s21_decimal-6/src/s21_other_func.c
FN:20,27,s21_negate_big
FN:30,63,floor_round_trunc
FN:6,17,s21_negate
FN:66,73,s21_floor
FN:75,82,s21_round
FN:85,92,s21_truncate
FNDA:61,s21_negate_big
FNDA:23,floor_round_trunc
FNDA:122,s21_negate
FNDA:10,s21_floor
FNDA:8,s21_round
FNDA:8,s21_truncate
FNF:6
FNH:6
DA:6,122
DA:7,122
DA:8,122
DA:9,0
DA:10,0
DA:11,610
DA:12,122
DA:13,15
DA:15,107
DA:17,122
DA:20,61
DA:21,61
DA:22,488
DA:23,61
DA:24,44
DA:26,17
DA:27,61
DA:30,23
DA:31,23
DA:32,23
DA:33,0
DA:34,0
DA:35,23
DA:36,23
DA:38,18
DA:39,18
DA:40,18
DA:41,316
DA:42,298
DA:43,298
DA:45,18
DA:46,6
DA:47,3
DA:48,3
DA:49,3
DA:50,3
DA:51,3
DA:53,18
DA:54,6
DA:55,6
DA:56,6
DA:57,12
DA:58,6
DA:59,6
DA:60,6
DA:61,18
DA:63,23
DA:66,10
DA:67,10
DA:68,10
DA:69,1
DA:70,1
DA:71,9
DA:73,10
DA:75,8
DA:76,8
DA:77,8
DA:78,1
DA:79,1
DA:80,7
DA:82,8
DA:85,8
DA:86,8
DA:87,8
DA:88,1
DA:89,1
DA:90,7
DA:92,8
LF:68
LH:64
end_of_record
TN:gcov_test
SF:/Users/Misha/Desktop/School 21/repositories/C5_s21_decimal-6/src/sub_test.c
FN:109,120,s21_sub_8_fn
FN:123,140,s21_sub_9_fn
FN:143,156,s21_sub_10_fn
FN:159,169,test_sub_1_fn
FN:172,182,test_sub_2_fn
FN:185,195,test_sub_3_fn
FN:198,208,test_sub_4_fn
FN:211,221,test_sub_5_fn
FN:224,234,test_sub_6_fn
FN:23,36,s21_sub_2_fn
FN:237,247,test_sub_7_fn
FN:250,256,test_sub_8_fn
FN:259,269,test_sub_9_fn
FN:272,282,test_sub_10_fn
FN:285,295,test_sub_11_fn
FN:298,325,dec_sub_suite
FN:39,50,s21_sub_3_fn
FN:53,64,s21_sub_4_fn
FN:67,78,s21_sub_5_fn
FN:7,20,s21_sub_1_fn
FN:81,92,s21_sub_6_fn
FN:95,106,s21_sub_7_fn
FNDA:1,s21_sub_8_fn
FNDA:1,s21_sub_9_fn
FNDA:1,s21_sub_10_fn
FNDA:1,test_sub_1_fn
FNDA:1,test_sub_2_fn
FNDA:1,test_sub_3_fn
FNDA:1,test_sub_4_fn
FNDA:1,test_sub_5_fn
FNDA:1,test_sub_6_fn
FNDA:1,s21_sub_2_fn
FNDA:1,test_sub_7_fn
FNDA:1,test_sub_8_fn
FNDA:1,test_sub_9_fn
FNDA:1,test_sub_10_fn
FNDA:1,test_sub_11_fn
FNDA:1,dec_sub_suite
FNDA:1,s21_sub_3_fn
FNDA:1,s21_sub_4_fn
FNDA:1,s21_sub_5_fn
FNDA:1,s21_sub_1_fn
FNDA:1,s21_sub_6_fn
FNDA:1,s21_sub_7_fn
FNF:22
FNH:22
DA:7,1
DA:8,1
DA:9,1
DA:10,1
DA:11,1
DA:12,1
DA:13,1
DA:14,1
DA:15,1
DA:16,1
DA:17,1
DA:18,1
DA:19,1
DA:20,1
DA:23,1
DA:24,1
DA:25,1
DA:26,1
DA:27,1
DA:28,1
DA:29,1
DA:30,1
DA:31,1
DA:32,1
DA:33,1
DA:34,1
DA:35,1
DA:36,1
DA:39,1
DA:40,1
DA:41,1
DA:42,1
DA:43,1
DA:44,1
DA:45,1
DA:46,1
DA:47,1
DA:48,1
DA:49,1
DA:50,1
DA:53,1
DA:54,1
DA:55,1
DA:56,1
DA:57,1
DA:58,1
DA:59,1
DA:60,1
DA:61,1
DA:62,1
DA:63,1
DA:64,1
DA:67,1
DA:68,1
DA:69,1
DA:70,1
DA:71,1
DA:72,1
DA:73,1
DA:74,1
DA:75,1
DA:76,1
DA:77,1
DA:78,1
DA:81,1
DA:82,1
DA:83,1
DA:84,1
DA:85,1
DA:86,1
DA:87,1
DA:88,1
DA:89,1
DA:90,1
DA:91,1
DA:92,1
DA:95,1
DA:96,1
DA:97,1
DA:98,1
DA:99,1
DA:100,1
DA:101,1
DA:102,1
DA:103,1
DA:104,1
DA:105,1
DA:106,1
DA:109,1
DA:110,1
DA:111,1
DA:112,1
DA:113,1
DA:114,1
DA:115,1
DA:116,1
DA:117,1
DA:118,1
DA:119,1
DA:120,1
DA:123,1
DA:124,1
DA:125,1
DA:127,1
DA:128,1
DA:130,1
DA:131,1
DA:133,1
DA:134,1
DA:135,1
DA:136,1
DA:137,1
DA:138,1
DA:139,1
DA:140,1
DA:143,1
DA:144,1
DA:145,1
DA:147,1
DA:148,1
DA:150,1
DA:151,1
DA:152,1
DA:153,1
DA:154,1
DA:155,1
DA:156,1
DA:159,1
DA:160,1
DA:161,1
DA:162,1
DA:163,1
DA:164,1
DA:165,1
DA:166,1
DA:167,1
DA:168,1
DA:169,1
DA:172,1
DA:173,1
DA:174,1
DA:175,1
DA:176,1
DA:177,1
DA:178,1
DA:179,1
DA:180,1
DA:181,1
DA:182,1
DA:185,1
DA:186,1
DA:187,1
DA:188,1
DA:189,1
DA:190,1
DA:191,1
DA:192,1
DA:193,1
DA:194,1
DA:195,1
DA:198,1
DA:199,1
DA:200,1
DA:201,1
DA:202,1
DA:203,1
DA:204,1
DA:205,1
DA:206,1
DA:207,1
DA:208,1
DA:211,1
DA:212,1
DA:213,1
DA:214,1
DA:215,1
DA:216,1
DA:217,1
DA:218,1
DA:219,1
DA:220,1
DA:221,1
DA:224,1
DA:225,1
DA:226,1
DA:227,1
DA:228,1
DA:229,1
DA:230,1
DA:231,1
DA:232,1
DA:233,1
DA:234,1
DA:237,1
DA:238,1
DA:239,1
DA:240,1
DA:241,1
DA:242,1
DA:243,1
DA:244,1
DA:245,1
DA:246,1
DA:247,1
DA:250,1
DA:251,1
DA:252,1
DA:253,1
DA:254,1
DA:255,1
DA:256,1
DA:259,1
DA:260,1
DA:261,1
DA:262,1
DA:263,1
DA:264,1
DA:265,1
DA:266,1
DA:267,1
DA:268,1
DA:269,1
DA:272,1
DA:273,1
DA:274,1
DA:275,1
DA:276,1
DA:277,1
DA:278,1
DA:279,1
DA:280,1
DA:281,1
DA:282,1
DA:285,1
DA:286,1
DA:287,1
DA:288,1
DA:289,1
DA:290,1
DA:291,1
DA:292,1
DA:293,1
DA:294,1
DA:295,1
DA:298,1
DA:301,1
DA:302,1
DA:303,1
DA:304,1
DA:305,1
DA:306,1
DA:307,1
DA:308,1
DA:309,1
DA:310,1
DA:311,1
DA:312,1
DA:313,1
DA:314,1
DA:315,1
DA:316,1
DA:317,1
DA:318,1
DA:319,1
DA:320,1
DA:321,1
DA:322,1
DA:323,1
DA:324,1
DA:325,1
LF:270
LH:270
end_of_record
TN:gcov_test
SF:/Users/Misha/Desktop/School 21/repositories/C5_s21_decimal-6/src/supp_func.c
FN:109,168,minus_equal_exp
FN:13,16,get_exp
FN:171,173,abs_decimal
FN:176,178,abs_big_decimal
FN:181,187,get_last_bit
FN:19,27,set_exp
FN:190,193,is_dec_zero
FN:195,198,is_big_dec_zero
FN:201,249,convert_big_to_dec
FN:252,259,convert_dec_to_big
FN:262,283,make_equal_exp
FN:285,290,plus_one_big
FN:29,36,_x10
FN:292,299,bank_round
FN:3,3,get_sign
FN:39,53,shuffle_big_dec_left
FN:5,11,set_bit
FN:55,61,shuffle_big_dec_right
FN:63,106,sum_equal_exp
FNDA:28896,minus_equal_exp
FNDA:194209,get_exp
FNDA:26,abs_decimal
FNDA:68,abs_big_decimal
FNDA:89824,get_last_bit
FNDA:91148,set_exp
FNDA:59,is_dec_zero
FNDA:2507,is_big_dec_zero
FNDA:106,convert_big_to_dec
FNDA:487,convert_dec_to_big
FNDA:67526,make_equal_exp
FNDA:6,plus_one_big
FNDA:443,_x10
FNDA:1,bank_round
FNDA:342490,get_sign
FNDA:67873,shuffle_big_dec_left
FNDA:2421382,set_bit
FNDA:70158,shuffle_big_dec_right
FNDA:58918,sum_equal_exp
FNF:19
FNH:19
DA:3,342490
DA:5,2421382
DA:6,2421382
DA:7,1025875
DA:8,1025875
DA:9,1395507
DA:11,2421382
DA:13,194209
DA:14,194209
DA:15,194209
DA:16,194209
DA:19,91148
DA:20,91148
DA:21,91148
DA:22,0
DA:23,0
DA:24,0
DA:25,91148
DA:27,91148
DA:29,443
DA:30,443
DA:31,443
DA:32,443
DA:33,443
DA:34,443
DA:35,443
DA:36,443
DA:39,67873
DA:40,67873
DA:41,67873
DA:42,475111
DA:43,407238
DA:44,407238
DA:45,407238
DA:46,4246
DA:48,402992
DA:49,407238
DA:51,407238
DA:52,407238
DA:53,67873
DA:55,70158
DA:56,70158
DA:57,420948
DA:58,350790
DA:59,350790
DA:60,350790
DA:61,70158
DA:63,58918
DA:65,58918
DA:67,58918
DA:68,58918
DA:70,58918
DA:71,58918
DA:72,177947
DA:73,119029
DA:74,119029
DA:75,119029
DA:76,119029
DA:77,119029
DA:78,2980534
DA:79,2861505
DA:80,2861505
DA:81,2861505
DA:82,2861505
DA:83,2861505
DA:84,26746
DA:85,26746
DA:86,26746
DA:87,2861505
DA:88,573895
DA:89,573895
DA:90,2861505
DA:91,1301076
DA:92,1301076
DA:93,2287610
DA:94,10646
DA:95,10646
DA:96,10646
DA:97,2861505
DA:98,55624
DA:99,55624
DA:100,2861505
DA:101,2861505
DA:102,2861505
DA:103,2861505
DA:104,119029
DA:105,58918
DA:106,58918
DA:109,28896
DA:111,28896
DA:112,28896
DA:113,28896
DA:114,28896
DA:115,28896
DA:116,3
DA:117,3
DA:118,28896
DA:119,4
DA:120,4
DA:121,4
DA:122,28893
DA:123,3
DA:124,3
DA:125,3
DA:126,3
DA:127,84879
DA:128,55993
DA:129,28886
DA:130,28886
DA:131,488186
DA:132,459300
DA:133,55994
DA:135,403306
DA:136,459300
DA:137,459300
DA:139,28886
DA:140,27107
DA:142,55993
DA:144,28886
DA:146,28886
DA:147,28886
DA:149,28886
DA:150,28886
DA:151,8
DA:152,8
DA:153,19
DA:154,11
DA:155,11
DA:156,11
DA:157,196
DA:158,185
DA:159,98
DA:160,98
DA:161,185
DA:162,185
DA:163,11
DA:164,8
DA:165,8
DA:166,8
DA:168,28896
DA:171,26
DA:172,26
DA:173,26
DA:176,68
DA:177,68
DA:178,68
DA:181,89824
DA:182,89824
DA:183,17336032
DA:184,17246208
DA:185,17246208
DA:186,17246208
DA:187,89824
DA:190,59
DA:191,59
DA:192,59
DA:193,59
DA:195,2507
DA:196,2507
DA:197,17549
DA:198,2507
DA:201,106
DA:203,106
DA:204,106
DA:205,106
DA:206,106
DA:207,106
DA:208,16
DA:209,8
DA:210,8
DA:211,8
DA:213,8
DA:214,106
DA:215,38
DA:216,32
DA:217,32
DA:218,32
DA:220,106
DA:221,5
DA:222,1
DA:223,1
DA:224,1
DA:226,3
DA:227,182
DA:228,104
DA:229,8
DA:231,106
DA:232,97
DA:233,9
DA:234,8
DA:235,8
DA:236,106
DA:237,1
DA:239,106
DA:240,0
DA:241,106
DA:242,98
DA:243,392
DA:244,294
DA:245,294
DA:246,98
DA:247,98
DA:248,98
DA:249,106
DA:252,487
DA:254,487
DA:255,1948
DA:256,1461
DA:257,1461
DA:258,487
DA:259,487
DA:262,67526
DA:263,67526
DA:264,67526
DA:265,67526
DA:266,67526
DA:267,67526
DA:269,67526
DA:270,34
DA:271,34
DA:272,132
DA:273,98
DA:274,98
DA:276,34
DA:277,34
DA:278,34
DA:280,67526
DA:281,25
DA:282,25
DA:283,67526
DA:285,6
DA:287,6
DA:288,6
DA:289,6
DA:290,6
DA:292,1
DA:293,1
DA:294,1
DA:295,1
DA:296,0
DA:297,0
DA:298,0
DA:299,1
LF:243
LH:236
end_of_record
TN:gcov_test
SF:/Users/Misha/Desktop/School 21/repositories/C5_s21_decimal-6/src/supp_func_print.c
FN:29,39,print_bits_int
FN:40,54,print_bits_decimal
FN:5,27,print_bits_float
FN:55,71,print_bits_big_decimal
FNDA:0,print_bits_int
FNDA:0,print_bits_decimal
FNDA:0,print_bits_float
FNDA:0,print_bits_big_decimal
FNF:4
FNH:0
DA:5,0
DA:10,0
DA:12,0
DA:13,0
DA:14,0
DA:15,0
DA:17,0
DA:18,0
DA:19,0
DA:21,0
DA:22,0
DA:23,0
DA:24,0
DA:25,0
DA:26,0
DA:27,0
DA:29,0
DA:30,0
DA:31,0
DA:32,0
DA:33,0
DA:35,0
DA:36,0
DA:38,0
DA:39,0
DA:40,0
DA:41,0
DA:42,0
DA:43,0
DA:44,0
DA:45,0
DA:47,0
DA:48,0
DA:49,0
DA:51,0
DA:52,0
DA:53,0
DA:54,0
DA:55,0
DA:56,0
DA:57,0
DA:58,0
DA:59,0
DA:60,0
DA:61,0
DA:63,0
DA:64,0
DA:65,0
DA:67,0
DA:68,0
DA:69,0
DA:70,0
DA:71,0
LF:53
LH:0
end_of_record
